[INFO] Scanning for projects...
[WARNING] 
[WARNING] Some problems were encountered while building the effective model for com.example:auth-server:jar:0.0.1-SNAPSHOT
[WARNING] 'dependencies.dependency.(groupId:artifactId:type:classifier)' must be unique: com.bucket4j:bucket4j-core:jar -> duplicate declaration of version 8.7.0 @ line 253, column 15
[WARNING] 'dependencies.dependency.(groupId:artifactId:type:classifier)' must be unique: io.micrometer:micrometer-registry-prometheus:jar -> duplicate declaration of version (?) @ line 265, column 15
[WARNING] 'dependencies.dependency.(groupId:artifactId:type:classifier)' must be unique: io.micrometer:micrometer-core:jar -> duplicate declaration of version (?) @ line 269, column 15
[WARNING] 'dependencies.dependency.(groupId:artifactId:type:classifier)' must be unique: org.apache.commons:commons-pool2:jar -> version (?) vs 2.11.1 @ line 275, column 15
[WARNING] 
[WARNING] It is highly recommended to fix these problems because they threaten the stability of your build.
[WARNING] 
[WARNING] For this reason, future Maven versions might no longer support building such malformed projects.
[WARNING] 
[INFO] 
[INFO] ----------------------< com.example:auth-server >-----------------------
[INFO] Building auth-server 0.0.1-SNAPSHOT
[INFO]   from pom.xml
[INFO] --------------------------------[ jar ]---------------------------------
[INFO] 
[INFO] --- clean:3.4.1:clean (default-clean) @ auth-server ---
[INFO] Deleting /mnt/c/Users/laisr/IdeaProjects/TCC1/auth-server/target
[INFO] 
[INFO] --- resources:3.3.1:resources (default-resources) @ auth-server ---
[INFO] Copying 4 resources from src/main/resources to target/classes
[INFO] Copying 7 resources from src/main/resources to target/classes
[INFO] 
[INFO] --- compiler:3.13.0:compile (default-compile) @ auth-server ---
[INFO] Recompiling the module because of changed source code.
[INFO] Compiling 38 source files with javac [debug parameters release 21] to target/classes
[INFO] Annotation processing is enabled because one or more processors were found
  on the class path. A future release of javac may disable annotation processing
  unless at least one processor is specified by name (-processor), or a search
  path is specified (--processor-path, --processor-module-path), or annotation
  processing is enabled explicitly (-proc:only, -proc:full).
  Use -Xlint:-options to suppress this message.
  Use -proc:none to disable annotation processing.
[WARNING] /mnt/c/Users/laisr/IdeaProjects/TCC1/auth-server/src/main/java/com/example/auth_server/model/Consent.java:[41,26] @Builder will ignore the initializing expression entirely. If you want the initializing expression to serve as default, add @Builder.Default. If it is not supposed to be settable during building, make the field final.
[INFO] /mnt/c/Users/laisr/IdeaProjects/TCC1/auth-server/src/main/java/com/example/auth_server/config/RateLimitConfig.java: Some input files use or override a deprecated API.
[INFO] /mnt/c/Users/laisr/IdeaProjects/TCC1/auth-server/src/main/java/com/example/auth_server/config/RateLimitConfig.java: Recompile with -Xlint:deprecation for details.
[INFO] 
[INFO] --- resources:3.3.1:testResources (default-testResources) @ auth-server ---
[INFO] skip non existing resourceDirectory /mnt/c/Users/laisr/IdeaProjects/TCC1/auth-server/src/test/resources
[INFO] 
[INFO] --- compiler:3.13.0:testCompile (default-testCompile) @ auth-server ---
[INFO] Recompiling the module because of changed dependency.
[INFO] Compiling 1 source file with javac [debug parameters release 21] to target/test-classes
[INFO] Annotation processing is enabled because one or more processors were found
  on the class path. A future release of javac may disable annotation processing
  unless at least one processor is specified by name (-processor), or a search
  path is specified (--processor-path, --processor-module-path), or annotation
  processing is enabled explicitly (-proc:only, -proc:full).
  Use -Xlint:-options to suppress this message.
  Use -proc:none to disable annotation processing.
[INFO] 
[INFO] --- surefire:3.5.3:test (default-test) @ auth-server ---
[INFO] Tests are skipped.
[INFO] 
[INFO] --- jar:3.4.2:jar (default-jar) @ auth-server ---
[INFO] Building jar: /mnt/c/Users/laisr/IdeaProjects/TCC1/auth-server/target/auth-server-0.0.1-SNAPSHOT.jar
[INFO] 
[INFO] --- spring-boot:3.4.5:repackage (repackage) @ auth-server ---
[INFO] Replacing main artifact /mnt/c/Users/laisr/IdeaProjects/TCC1/auth-server/target/auth-server-0.0.1-SNAPSHOT.jar with repackaged archive, adding nested dependencies in BOOT-INF/.
[INFO] The original artifact has been renamed to /mnt/c/Users/laisr/IdeaProjects/TCC1/auth-server/target/auth-server-0.0.1-SNAPSHOT.jar.original
[INFO] ------------------------------------------------------------------------
[INFO] BUILD SUCCESS
[INFO] ------------------------------------------------------------------------
[INFO] Total time:  37.609 s
[INFO] Finished at: 2025-11-17T22:43:08-03:00
[INFO] ------------------------------------------------------------------------
