[INFO] Scanning for projects...
[WARNING] 
[WARNING] Some problems were encountered while building the effective model for com.example:resource-server:jar:0.0.1-SNAPSHOT
[WARNING] 'dependencies.dependency.(groupId:artifactId:type:classifier)' must be unique: org.bouncycastle:bcpkix-jdk18on:jar -> version 1.75 vs 1.77 @ line 122, column 15
[WARNING] 
[WARNING] It is highly recommended to fix these problems because they threaten the stability of your build.
[WARNING] 
[WARNING] For this reason, future Maven versions might no longer support building such malformed projects.
[WARNING] 
[INFO] 
[INFO] --------------------< com.example:resource-server >---------------------
[INFO] Building resource-server 0.0.1-SNAPSHOT
[INFO]   from pom.xml
[INFO] --------------------------------[ jar ]---------------------------------
[INFO] 
[INFO] --- clean:3.4.1:clean (default-clean) @ resource-server ---
[INFO] Deleting /mnt/c/Users/laisr/IdeaProjects/TCC1/resource-server/target
[INFO] 
[INFO] --- resources:3.3.1:resources (default-resources) @ resource-server ---
[INFO] Copying 4 resources from src/main/resources to target/classes
[INFO] Copying 0 resource from src/main/resources to target/classes
[INFO] 
[INFO] --- compiler:3.13.0:compile (default-compile) @ resource-server ---
[INFO] Recompiling the module because of changed source code.
[INFO] Compiling 28 source files with javac [debug parameters release 21] to target/classes
[WARNING] /mnt/c/Users/laisr/IdeaProjects/TCC1/resource-server/src/main/java/com/example/resource_server/model/CreditCard.java:[49,20] @Builder will ignore the initializing expression entirely. If you want the initializing expression to serve as default, add @Builder.Default. If it is not supposed to be settable during building, make the field final.
[WARNING] /mnt/c/Users/laisr/IdeaProjects/TCC1/resource-server/src/main/java/com/example/resource_server/model/Account.java:[37,20] @Builder will ignore the initializing expression entirely. If you want the initializing expression to serve as default, add @Builder.Default. If it is not supposed to be settable during building, make the field final.
[WARNING] /mnt/c/Users/laisr/IdeaProjects/TCC1/resource-server/src/main/java/com/example/resource_server/model/Account.java:[40,20] @Builder will ignore the initializing expression entirely. If you want the initializing expression to serve as default, add @Builder.Default. If it is not supposed to be settable during building, make the field final.
[INFO] 
[INFO] --- resources:3.3.1:testResources (default-testResources) @ resource-server ---
[INFO] skip non existing resourceDirectory /mnt/c/Users/laisr/IdeaProjects/TCC1/resource-server/src/test/resources
[INFO] 
[INFO] --- compiler:3.13.0:testCompile (default-testCompile) @ resource-server ---
[INFO] Recompiling the module because of changed dependency.
[INFO] 
[INFO] --- surefire:3.5.2:test (default-test) @ resource-server ---
[INFO] Tests are skipped.
[INFO] 
[INFO] --- jar:3.4.2:jar (default-jar) @ resource-server ---
[INFO] Building jar: /mnt/c/Users/laisr/IdeaProjects/TCC1/resource-server/target/resource-server-0.0.1-SNAPSHOT.jar
[INFO] 
[INFO] --- spring-boot:3.4.4:repackage (repackage) @ resource-server ---
[INFO] Replacing main artifact /mnt/c/Users/laisr/IdeaProjects/TCC1/resource-server/target/resource-server-0.0.1-SNAPSHOT.jar with repackaged archive, adding nested dependencies in BOOT-INF/.
[INFO] The original artifact has been renamed to /mnt/c/Users/laisr/IdeaProjects/TCC1/resource-server/target/resource-server-0.0.1-SNAPSHOT.jar.original
[INFO] ------------------------------------------------------------------------
[INFO] BUILD SUCCESS
[INFO] ------------------------------------------------------------------------
[INFO] Total time:  24.711 s
[INFO] Finished at: 2025-11-17T22:43:43-03:00
[INFO] ------------------------------------------------------------------------
